# JRE version: OpenJDK Runtime Environment (11.0.10) (build 11.0.10+0-b96-7249189)
# Java VM: OpenJDK 64-Bit Server VM (11.0.10+0-b96-7249189, mixed mode, tiered, compressed oops, g1 gc, windows-amd64)
Heap:
 garbage-first heap   total 698368K, used 192000K [0x0000000080000000, 0x0000000100000000)
  region size 1024K, 4 young (4096K), 4 survivors (4096K)
 Metaspace       used 149713K, capacity 153536K, committed 157696K, reserved 1185792K
  class space    used 18301K, capacity 19755K, committed 20480K, reserved 1048576K
GC Heap History (20 events):
Event: 11255.403 GC heap after
{Heap after GC invocations=172 (full 0):
 garbage-first heap   total 324608K, used 263680K [0x0000000080000000, 0x0000000100000000)
  region size 1024K, 3 young (3072K), 3 survivors (3072K)
 Metaspace       used 152906K, capacity 157455K, committed 157696K, reserved 1185792K
  class space    used 18790K, capacity 20444K, committed 20480K, reserved 1048576K
}
Event: 11255.918 GC heap before
{Heap before GC invocations=172 (full 0):
 garbage-first heap   total 324608K, used 276992K [0x0000000080000000, 0x0000000100000000)
  region size 1024K, 16 young (16384K), 3 survivors (3072K)
 Metaspace       used 152910K, capacity 157456K, committed 157696K, reserved 1185792K
  class space    used 18790K, capacity 20444K, committed 20480K, reserved 1048576K
}
Event: 11255.991 GC heap after
{Heap after GC invocations=173 (full 0):
 garbage-first heap   total 324608K, used 270829K [0x0000000080000000, 0x0000000100000000)
  region size 1024K, 2 young (2048K), 2 survivors (2048K)
 Metaspace       used 152910K, capacity 157456K, committed 157696K, reserved 1185792K
  class space    used 18790K, capacity 20444K, committed 20480K, reserved 1048576K
}
Event: 11257.126 GC heap before
{Heap before GC invocations=173 (full 0):
 garbage-first heap   total 324608K, used 283117K [0x0000000080000000, 0x0000000100000000)
  region size 1024K, 15 young (15360K), 2 survivors (2048K)
 Metaspace       used 152936K, capacity 157460K, committed 157696K, reserved 1185792K
  class space    used 18790K, capacity 20444K, committed 20480K, reserved 1048576K
}
Event: 11257.270 GC heap after
{Heap after GC invocations=174 (full 0):
 garbage-first heap   total 324608K, used 273795K [0x0000000080000000, 0x0000000100000000)
  region size 1024K, 2 young (2048K), 2 survivors (2048K)
 Metaspace       used 152936K, capacity 157460K, committed 157696K, reserved 1185792K
  class space    used 18790K, capacity 20444K, committed 20480K, reserved 1048576K
}
Event: 11258.008 GC heap before
{Heap before GC invocations=174 (full 0):
 garbage-first heap   total 324608K, used 287107K [0x0000000080000000, 0x0000000100000000)
  region size 1024K, 15 young (15360K), 2 survivors (2048K)
 Metaspace       used 152937K, capacity 157460K, committed 157696K, reserved 1185792K
  class space    used 18790K, capacity 20444K, committed 20480K, reserved 1048576K
}
Event: 11258.039 GC heap after
{Heap after GC invocations=175 (full 0):
 garbage-first heap   total 324608K, used 275606K [0x0000000080000000, 0x0000000100000000)
  region size 1024K, 2 young (2048K), 2 survivors (2048K)
 Metaspace       used 152937K, capacity 157460K, committed 157696K, reserved 1185792K
  class space    used 18790K, capacity 20444K, committed 20480K, reserved 1048576K
}
Event: 11259.288 GC heap before
{Heap before GC invocations=175 (full 0):
 garbage-first heap   total 324608K, used 287894K [0x0000000080000000, 0x0000000100000000)
  region size 1024K, 15 young (15360K), 2 survivors (2048K)
 Metaspace       used 152942K, capacity 157460K, committed 157696K, reserved 1185792K
  class space    used 18790K, capacity 20444K, committed 20480K, reserved 1048576K
}
Event: 11259.346 GC heap after
{Heap after GC invocations=176 (full 0):
 garbage-first heap   total 324608K, used 277719K [0x0000000080000000, 0x0000000100000000)
  region size 1024K, 2 young (2048K), 2 survivors (2048K)
 Metaspace       used 152942K, capacity 157460K, committed 157696K, reserved 1185792K
  class space    used 18790K, capacity 20444K, committed 20480K, reserved 1048576K
}
Event: 11263.274 GC heap before
{Heap before GC invocations=177 (full 0):
 garbage-first heap   total 324608K, used 257239K [0x0000000080000000, 0x0000000100000000)
  region size 1024K, 15 young (15360K), 2 survivors (2048K)
 Metaspace       used 149712K, capacity 153536K, committed 157696K, reserved 1185792K
  class space    used 18301K, capacity 19755K, committed 20480K, reserved 1048576K
}
Event: 11263.314 GC heap after
{Heap after GC invocations=178 (full 0):
 garbage-first heap   total 324608K, used 237984K [0x0000000080000000, 0x0000000100000000)
  region size 1024K, 2 young (2048K), 2 survivors (2048K)
 Metaspace       used 149712K, capacity 153536K, committed 157696K, reserved 1185792K
  class space    used 18301K, capacity 19755K, committed 20480K, reserved 1048576K
}
Event: 11263.762 GC heap before
{Heap before GC invocations=178 (full 0):
 garbage-first heap   total 324608K, used 251296K [0x0000000080000000, 0x0000000100000000)
  region size 1024K, 15 young (15360K), 2 survivors (2048K)
 Metaspace       used 149712K, capacity 153536K, committed 157696K, reserved 1185792K
  class space    used 18301K, capacity 19755K, committed 20480K, reserved 1048576K
}
Event: 11263.806 GC heap after
{Heap after GC invocations=179 (full 0):
 garbage-first heap   total 324608K, used 208198K [0x0000000080000000, 0x0000000100000000)
  region size 1024K, 2 young (2048K), 2 survivors (2048K)
 Metaspace       used 149712K, capacity 153536K, committed 157696K, reserved 1185792K
  class space    used 18301K, capacity 19755K, committed 20480K, reserved 1048576K
}
Event: 11264.570 GC heap before
{Heap before GC invocations=179 (full 0):
 garbage-first heap   total 324608K, used 221510K [0x0000000080000000, 0x0000000100000000)
  region size 1024K, 15 young (15360K), 2 survivors (2048K)
 Metaspace       used 149712K, capacity 153536K, committed 157696K, reserved 1185792K
  class space    used 18301K, capacity 19755K, committed 20480K, reserved 1048576K
}
Event: 11265.109 GC heap after
{Heap after GC invocations=180 (full 0):
 garbage-first heap   total 324608K, used 189312K [0x0000000080000000, 0x0000000100000000)
  region size 1024K, 2 young (2048K), 2 survivors (2048K)
 Metaspace       used 149712K, capacity 153536K, committed 157696K, reserved 1185792K
  class space    used 18301K, capacity 19755K, committed 20480K, reserved 1048576K
}
Event: 11265.459 GC heap before
{Heap before GC invocations=180 (full 0):
 garbage-first heap   total 324608K, used 203648K [0x0000000080000000, 0x0000000100000000)
  region size 1024K, 15 young (15360K), 2 survivors (2048K)
 Metaspace       used 149713K, capacity 153536K, committed 157696K, reserved 1185792K
  class space    used 18301K, capacity 19755K, committed 20480K, reserved 1048576K
}
Event: 11265.570 GC heap after
{Heap after GC invocations=181 (full 0):
 garbage-first heap   total 324608K, used 184256K [0x0000000080000000, 0x0000000100000000)
  region size 1024K, 2 young (2048K), 2 survivors (2048K)
 Metaspace       used 149713K, capacity 153536K, committed 157696K, reserved 1185792K
  class space    used 18301K, capacity 19755K, committed 20480K, reserved 1048576K
}
Event: 11265.666 GC heap before
{Heap before GC invocations=181 (full 0):
 garbage-first heap   total 324608K, used 197568K [0x0000000080000000, 0x0000000100000000)
  region size 1024K, 15 young (15360K), 2 survivors (2048K)
 Metaspace       used 149713K, capacity 153536K, committed 157696K, reserved 1185792K
  class space    used 18301K, capacity 19755K, committed 20480K, reserved 1048576K
}
Event: 11265.774 GC heap after
{Heap after GC invocations=182 (full 0):
 garbage-first heap   total 324608K, used 180736K [0x0000000080000000, 0x0000000100000000)
  region size 1024K, 2 young (2048K), 2 survivors (2048K)
 Metaspace       used 149713K, capacity 153536K, committed 157696K, reserved 1185792K
  class space    used 18301K, capacity 19755K, committed 20480K, reserved 1048576K
}
Event: 11266.211 GC heap before
{Heap before GC invocations=182 (full 0):
 garbage-first heap   total 324608K, used 211456K [0x0000000080000000, 0x0000000100000000)
  region size 1024K, 25 young (25600K), 2 survivors (2048K)
 Metaspace       used 149713K, capacity 153536K, committed 157696K, reserved 1185792K
  class space    used 18301K, capacity 19755K, committed 20480K, reserved 1048576K
}

